{
  "RSpec": {
    "coverage": {
    },
    "timestamp": 1431709772
  },
  "Cucumber Features": {
    "coverage": {
      "/home/saasbook/Documents/budeals/app/controllers/application_controller.rb": [
        1,
        1,
        null
      ],
      "/home/saasbook/Documents/budeals/app/helpers/application_helper.rb": [
        1,
        null
      ],
      "/home/saasbook/Documents/budeals/app/helpers/deals_helper.rb": [
        1,
        null
      ],
      "/home/saasbook/Documents/budeals/app/helpers/deals_controller_helper.rb": [
        1,
        null
      ],
      "/home/saasbook/Documents/budeals/app/helpers/static_pages_helper.rb": [
        1,
        null
      ],
      "/home/saasbook/Documents/budeals/app/helpers/students_helper.rb": [
        1,
        null
      ],
      "/home/saasbook/Documents/budeals/app/controllers/deals_controller.rb": [
        1,
        null,
        1,
        3,
        null,
        null,
        1,
        0,
        0,
        null,
        null,
        null,
        1,
        1,
        null,
        null,
        1,
        1,
        1,
        1,
        1,
        null,
        null,
        null,
        1,
        0,
        null,
        null,
        1,
        0,
        0,
        0,
        0,
        null,
        null,
        1,
        0,
        0,
        0,
        0,
        null,
        null,
        null
      ],
      "/home/saasbook/Documents/budeals/app/models/deal.rb": [
        1,
        1,
        null
      ],
      "/home/saasbook/Documents/budeals/app/controllers/static_pages_controller.rb": [
        1,
        1,
        null,
        null
      ],
      "/home/saasbook/Documents/budeals/app/controllers/students_controller.rb": [
        1,
        null,
        1,
        0,
        0,
        null,
        null,
        null,
        1,
        0,
        0,
        null,
        null,
        1,
        0,
        0,
        null,
        null,
        1,
        0,
        0,
        0,
        0,
        null,
        null,
        null,
        1,
        0,
        0,
        null,
        null
      ],
      "/home/saasbook/Documents/budeals/app/models/student.rb": [
        1,
        1,
        null
      ]
    },
    "timestamp": 1431709836
  }
}
